  main.cpp
  admin.cpp
C:\Users\GRIGS\Documents\linked-list-sprint-project-storia\include\utiles.h(4,10): error C1083: Cannot open include file: 'nlohmann/json.hpp': No such file or directory
  (compiling source file '../main.cpp')
  
C:\Users\GRIGS\Documents\linked-list-sprint-project-storia\include\User.h(3,10): error C1083: Cannot open include file: 'nlohmann/json.hpp': No such file or directory
  (compiling source file '../src/admin.cpp')
  
  setColor.cpp
C:\Users\GRIGS\Documents\linked-list-sprint-project-storia\include\utiles.h(4,10): error C1083: Cannot open include file: 'nlohmann/json.hpp': No such file or directory
  (compiling source file '../src/setColor.cpp')
  
  stagesPage.cpp
C:\Users\GRIGS\Documents\linked-list-sprint-project-storia\include\utiles.h(4,10): error C1083: Cannot open include file: 'nlohmann/json.hpp': No such file or directory
  (compiling source file '../src/stagesPage.cpp')
  
  timeLine.cpp
C:\Users\GRIGS\Documents\linked-list-sprint-project-storia\include\utiles.h(4,10): error C1083: Cannot open include file: 'nlohmann/json.hpp': No such file or directory
  (compiling source file '../src/timeLine.cpp')
  
  userInterface.cpp
C:\Users\GRIGS\Documents\linked-list-sprint-project-storia\include\utiles.h(4,10): error C1083: Cannot open include file: 'nlohmann/json.hpp': No such file or directory
  (compiling source file '../src/userInterface.cpp')
  
  users.cpp
C:\Users\GRIGS\Documents\linked-list-sprint-project-storia\include\User.h(3,10): error C1083: Cannot open include file: 'nlohmann/json.hpp': No such file or directory
  (compiling source file '../src/users.cpp')
  
  utiles.cpp
C:\Users\GRIGS\Documents\linked-list-sprint-project-storia\include\Utiles.h(4,10): error C1083: Cannot open include file: 'nlohmann/json.hpp': No such file or directory
  (compiling source file '../src/utiles.cpp')
  
  Generating Code...
